:: loading settings :: url = jar:file:/opt/spark/jars/ivy-2.5.1.jar!/org/apache/ivy/core/settings/ivysettings.xml
Ivy Default Cache set to: /root/.ivy2/cache
The jars for the packages stored in: /root/.ivy2/jars
org.apache.spark#spark-sql-kafka-0-10_2.12 added as a dependency
org.postgresql#postgresql added as a dependency
:: resolving dependencies :: org.apache.spark#spark-submit-parent-f59b091f-8598-4f18-a5ac-b64164294a71;1.0
	confs: [default]
	found org.apache.spark#spark-sql-kafka-0-10_2.12;3.5.0 in central
	found org.apache.spark#spark-token-provider-kafka-0-10_2.12;3.5.0 in central
	found org.apache.kafka#kafka-clients;3.4.1 in central
	found org.lz4#lz4-java;1.8.0 in central
	found org.xerial.snappy#snappy-java;1.1.10.3 in central
	found org.slf4j#slf4j-api;2.0.7 in central
	found org.apache.hadoop#hadoop-client-runtime;3.3.4 in central
	found org.apache.hadoop#hadoop-client-api;3.3.4 in central
	found commons-logging#commons-logging;1.1.3 in central
	found com.google.code.findbugs#jsr305;3.0.0 in central
	found org.apache.commons#commons-pool2;2.11.1 in central
	found org.postgresql#postgresql;42.7.3 in central
	found org.checkerframework#checker-qual;3.42.0 in central
:: resolution report :: resolve 782ms :: artifacts dl 21ms
	:: modules in use:
	com.google.code.findbugs#jsr305;3.0.0 from central in [default]
	commons-logging#commons-logging;1.1.3 from central in [default]
	org.apache.commons#commons-pool2;2.11.1 from central in [default]
	org.apache.hadoop#hadoop-client-api;3.3.4 from central in [default]
	org.apache.hadoop#hadoop-client-runtime;3.3.4 from central in [default]
	org.apache.kafka#kafka-clients;3.4.1 from central in [default]
	org.apache.spark#spark-sql-kafka-0-10_2.12;3.5.0 from central in [default]
	org.apache.spark#spark-token-provider-kafka-0-10_2.12;3.5.0 from central in [default]
	org.checkerframework#checker-qual;3.42.0 from central in [default]
	org.lz4#lz4-java;1.8.0 from central in [default]
	org.postgresql#postgresql;42.7.3 from central in [default]
	org.slf4j#slf4j-api;2.0.7 from central in [default]
	org.xerial.snappy#snappy-java;1.1.10.3 from central in [default]
	---------------------------------------------------------------------
	|                  |            modules            ||   artifacts   |
	|       conf       | number| search|dwnlded|evicted|| number|dwnlded|
	---------------------------------------------------------------------
	|      default     |   13  |   0   |   0   |   0   ||   13  |   0   |
	---------------------------------------------------------------------
:: retrieving :: org.apache.spark#spark-submit-parent-f59b091f-8598-4f18-a5ac-b64164294a71
	confs: [default]
	0 artifacts copied, 13 already retrieved (0kB/16ms)
26/03/15 12:01:27 WARN NativeCodeLoader: Unable to load native-hadoop library for your platform... using builtin-java classes where applicable
26/03/15 12:01:28 INFO SparkContext: Running Spark version 3.5.0
26/03/15 12:01:28 INFO SparkContext: OS info Linux, 6.6.87.2-microsoft-standard-WSL2, amd64
26/03/15 12:01:28 INFO SparkContext: Java version 19.0.2
26/03/15 12:01:28 INFO ResourceUtils: ==============================================================
26/03/15 12:01:28 INFO ResourceUtils: No custom resources configured for spark.driver.
26/03/15 12:01:28 INFO ResourceUtils: ==============================================================
26/03/15 12:01:28 INFO SparkContext: Submitted application: KafkaConsumer
26/03/15 12:01:29 INFO ResourceProfile: Default ResourceProfile created, executor resources: Map(cores -> name: cores, amount: 1, script: , vendor: , memory -> name: memory, amount: 1024, script: , vendor: , offHeap -> name: offHeap, amount: 0, script: , vendor: ), task resources: Map(cpus -> name: cpus, amount: 1.0)
26/03/15 12:01:29 INFO ResourceProfile: Limiting resource is cpu
26/03/15 12:01:29 INFO ResourceProfileManager: Added ResourceProfile id: 0
26/03/15 12:01:29 INFO SecurityManager: Changing view acls to: root
26/03/15 12:01:29 INFO SecurityManager: Changing modify acls to: root
26/03/15 12:01:29 INFO SecurityManager: Changing view acls groups to: 
26/03/15 12:01:29 INFO SecurityManager: Changing modify acls groups to: 
26/03/15 12:01:29 INFO SecurityManager: SecurityManager: authentication disabled; ui acls disabled; users with view permissions: root; groups with view permissions: EMPTY; users with modify permissions: root; groups with modify permissions: EMPTY
26/03/15 12:01:29 INFO Utils: Successfully started service 'sparkDriver' on port 37205.
26/03/15 12:01:29 INFO SparkEnv: Registering MapOutputTracker
26/03/15 12:01:29 INFO SparkEnv: Registering BlockManagerMaster
26/03/15 12:01:29 INFO BlockManagerMasterEndpoint: Using org.apache.spark.storage.DefaultTopologyMapper for getting topology information
26/03/15 12:01:29 INFO BlockManagerMasterEndpoint: BlockManagerMasterEndpoint up
26/03/15 12:01:29 INFO SparkEnv: Registering BlockManagerMasterHeartbeat
26/03/15 12:01:29 INFO DiskBlockManager: Created local directory at /tmp/blockmgr-676c19c3-0994-4586-9336-6705288784b5
26/03/15 12:01:29 INFO MemoryStore: MemoryStore started with capacity 434.4 MiB
26/03/15 12:01:29 INFO SparkEnv: Registering OutputCommitCoordinator
26/03/15 12:01:29 INFO JettyUtils: Start Jetty 127.0.0.1:4040 for SparkUI
26/03/15 12:01:30 INFO Utils: Successfully started service 'SparkUI' on port 4040.
26/03/15 12:01:30 INFO SparkContext: Added JAR file:///root/.ivy2/jars/org.apache.spark_spark-sql-kafka-0-10_2.12-3.5.0.jar at spark://localhost:37205/jars/org.apache.spark_spark-sql-kafka-0-10_2.12-3.5.0.jar with timestamp 1773556288919
26/03/15 12:01:30 INFO SparkContext: Added JAR file:///root/.ivy2/jars/org.postgresql_postgresql-42.7.3.jar at spark://localhost:37205/jars/org.postgresql_postgresql-42.7.3.jar with timestamp 1773556288919
26/03/15 12:01:30 INFO SparkContext: Added JAR file:///root/.ivy2/jars/org.apache.spark_spark-token-provider-kafka-0-10_2.12-3.5.0.jar at spark://localhost:37205/jars/org.apache.spark_spark-token-provider-kafka-0-10_2.12-3.5.0.jar with timestamp 1773556288919
26/03/15 12:01:30 INFO SparkContext: Added JAR file:///root/.ivy2/jars/org.apache.kafka_kafka-clients-3.4.1.jar at spark://localhost:37205/jars/org.apache.kafka_kafka-clients-3.4.1.jar with timestamp 1773556288919
26/03/15 12:01:30 INFO SparkContext: Added JAR file:///root/.ivy2/jars/com.google.code.findbugs_jsr305-3.0.0.jar at spark://localhost:37205/jars/com.google.code.findbugs_jsr305-3.0.0.jar with timestamp 1773556288919
26/03/15 12:01:30 INFO SparkContext: Added JAR file:///root/.ivy2/jars/org.apache.commons_commons-pool2-2.11.1.jar at spark://localhost:37205/jars/org.apache.commons_commons-pool2-2.11.1.jar with timestamp 1773556288919
26/03/15 12:01:30 INFO SparkContext: Added JAR file:///root/.ivy2/jars/org.apache.hadoop_hadoop-client-runtime-3.3.4.jar at spark://localhost:37205/jars/org.apache.hadoop_hadoop-client-runtime-3.3.4.jar with timestamp 1773556288919
26/03/15 12:01:30 INFO SparkContext: Added JAR file:///root/.ivy2/jars/org.lz4_lz4-java-1.8.0.jar at spark://localhost:37205/jars/org.lz4_lz4-java-1.8.0.jar with timestamp 1773556288919
26/03/15 12:01:30 INFO SparkContext: Added JAR file:///root/.ivy2/jars/org.xerial.snappy_snappy-java-1.1.10.3.jar at spark://localhost:37205/jars/org.xerial.snappy_snappy-java-1.1.10.3.jar with timestamp 1773556288919
26/03/15 12:01:30 INFO SparkContext: Added JAR file:///root/.ivy2/jars/org.slf4j_slf4j-api-2.0.7.jar at spark://localhost:37205/jars/org.slf4j_slf4j-api-2.0.7.jar with timestamp 1773556288919
26/03/15 12:01:30 INFO SparkContext: Added JAR file:///root/.ivy2/jars/org.apache.hadoop_hadoop-client-api-3.3.4.jar at spark://localhost:37205/jars/org.apache.hadoop_hadoop-client-api-3.3.4.jar with timestamp 1773556288919
26/03/15 12:01:30 INFO SparkContext: Added JAR file:///root/.ivy2/jars/commons-logging_commons-logging-1.1.3.jar at spark://localhost:37205/jars/commons-logging_commons-logging-1.1.3.jar with timestamp 1773556288919
26/03/15 12:01:30 INFO SparkContext: Added JAR file:///root/.ivy2/jars/org.checkerframework_checker-qual-3.42.0.jar at spark://localhost:37205/jars/org.checkerframework_checker-qual-3.42.0.jar with timestamp 1773556288919
26/03/15 12:01:30 INFO SparkContext: Added file file:///root/.ivy2/jars/org.apache.spark_spark-sql-kafka-0-10_2.12-3.5.0.jar at file:///root/.ivy2/jars/org.apache.spark_spark-sql-kafka-0-10_2.12-3.5.0.jar with timestamp 1773556288919
26/03/15 12:01:30 INFO Utils: Copying /root/.ivy2/jars/org.apache.spark_spark-sql-kafka-0-10_2.12-3.5.0.jar to /tmp/spark-3daac7be-62b9-454e-9d23-85893687e7d1/userFiles-b206a17f-1945-4ee5-809f-ed4b9aa74a7f/org.apache.spark_spark-sql-kafka-0-10_2.12-3.5.0.jar
26/03/15 12:01:30 INFO SparkContext: Added file file:///root/.ivy2/jars/org.postgresql_postgresql-42.7.3.jar at file:///root/.ivy2/jars/org.postgresql_postgresql-42.7.3.jar with timestamp 1773556288919
26/03/15 12:01:30 INFO Utils: Copying /root/.ivy2/jars/org.postgresql_postgresql-42.7.3.jar to /tmp/spark-3daac7be-62b9-454e-9d23-85893687e7d1/userFiles-b206a17f-1945-4ee5-809f-ed4b9aa74a7f/org.postgresql_postgresql-42.7.3.jar
26/03/15 12:01:30 INFO SparkContext: Added file file:///root/.ivy2/jars/org.apache.spark_spark-token-provider-kafka-0-10_2.12-3.5.0.jar at file:///root/.ivy2/jars/org.apache.spark_spark-token-provider-kafka-0-10_2.12-3.5.0.jar with timestamp 1773556288919
26/03/15 12:01:30 INFO Utils: Copying /root/.ivy2/jars/org.apache.spark_spark-token-provider-kafka-0-10_2.12-3.5.0.jar to /tmp/spark-3daac7be-62b9-454e-9d23-85893687e7d1/userFiles-b206a17f-1945-4ee5-809f-ed4b9aa74a7f/org.apache.spark_spark-token-provider-kafka-0-10_2.12-3.5.0.jar
26/03/15 12:01:30 INFO SparkContext: Added file file:///root/.ivy2/jars/org.apache.kafka_kafka-clients-3.4.1.jar at file:///root/.ivy2/jars/org.apache.kafka_kafka-clients-3.4.1.jar with timestamp 1773556288919
26/03/15 12:01:30 INFO Utils: Copying /root/.ivy2/jars/org.apache.kafka_kafka-clients-3.4.1.jar to /tmp/spark-3daac7be-62b9-454e-9d23-85893687e7d1/userFiles-b206a17f-1945-4ee5-809f-ed4b9aa74a7f/org.apache.kafka_kafka-clients-3.4.1.jar
26/03/15 12:01:30 INFO SparkContext: Added file file:///root/.ivy2/jars/com.google.code.findbugs_jsr305-3.0.0.jar at file:///root/.ivy2/jars/com.google.code.findbugs_jsr305-3.0.0.jar with timestamp 1773556288919
26/03/15 12:01:30 INFO Utils: Copying /root/.ivy2/jars/com.google.code.findbugs_jsr305-3.0.0.jar to /tmp/spark-3daac7be-62b9-454e-9d23-85893687e7d1/userFiles-b206a17f-1945-4ee5-809f-ed4b9aa74a7f/com.google.code.findbugs_jsr305-3.0.0.jar
26/03/15 12:01:30 INFO SparkContext: Added file file:///root/.ivy2/jars/org.apache.commons_commons-pool2-2.11.1.jar at file:///root/.ivy2/jars/org.apache.commons_commons-pool2-2.11.1.jar with timestamp 1773556288919
26/03/15 12:01:30 INFO Utils: Copying /root/.ivy2/jars/org.apache.commons_commons-pool2-2.11.1.jar to /tmp/spark-3daac7be-62b9-454e-9d23-85893687e7d1/userFiles-b206a17f-1945-4ee5-809f-ed4b9aa74a7f/org.apache.commons_commons-pool2-2.11.1.jar
26/03/15 12:01:30 INFO SparkContext: Added file file:///root/.ivy2/jars/org.apache.hadoop_hadoop-client-runtime-3.3.4.jar at file:///root/.ivy2/jars/org.apache.hadoop_hadoop-client-runtime-3.3.4.jar with timestamp 1773556288919
26/03/15 12:01:30 INFO Utils: Copying /root/.ivy2/jars/org.apache.hadoop_hadoop-client-runtime-3.3.4.jar to /tmp/spark-3daac7be-62b9-454e-9d23-85893687e7d1/userFiles-b206a17f-1945-4ee5-809f-ed4b9aa74a7f/org.apache.hadoop_hadoop-client-runtime-3.3.4.jar
26/03/15 12:01:30 INFO SparkContext: Added file file:///root/.ivy2/jars/org.lz4_lz4-java-1.8.0.jar at file:///root/.ivy2/jars/org.lz4_lz4-java-1.8.0.jar with timestamp 1773556288919
26/03/15 12:01:30 INFO Utils: Copying /root/.ivy2/jars/org.lz4_lz4-java-1.8.0.jar to /tmp/spark-3daac7be-62b9-454e-9d23-85893687e7d1/userFiles-b206a17f-1945-4ee5-809f-ed4b9aa74a7f/org.lz4_lz4-java-1.8.0.jar
26/03/15 12:01:30 INFO SparkContext: Added file file:///root/.ivy2/jars/org.xerial.snappy_snappy-java-1.1.10.3.jar at file:///root/.ivy2/jars/org.xerial.snappy_snappy-java-1.1.10.3.jar with timestamp 1773556288919
26/03/15 12:01:30 INFO Utils: Copying /root/.ivy2/jars/org.xerial.snappy_snappy-java-1.1.10.3.jar to /tmp/spark-3daac7be-62b9-454e-9d23-85893687e7d1/userFiles-b206a17f-1945-4ee5-809f-ed4b9aa74a7f/org.xerial.snappy_snappy-java-1.1.10.3.jar
26/03/15 12:01:30 INFO SparkContext: Added file file:///root/.ivy2/jars/org.slf4j_slf4j-api-2.0.7.jar at file:///root/.ivy2/jars/org.slf4j_slf4j-api-2.0.7.jar with timestamp 1773556288919
26/03/15 12:01:30 INFO Utils: Copying /root/.ivy2/jars/org.slf4j_slf4j-api-2.0.7.jar to /tmp/spark-3daac7be-62b9-454e-9d23-85893687e7d1/userFiles-b206a17f-1945-4ee5-809f-ed4b9aa74a7f/org.slf4j_slf4j-api-2.0.7.jar
26/03/15 12:01:30 INFO SparkContext: Added file file:///root/.ivy2/jars/org.apache.hadoop_hadoop-client-api-3.3.4.jar at file:///root/.ivy2/jars/org.apache.hadoop_hadoop-client-api-3.3.4.jar with timestamp 1773556288919
26/03/15 12:01:30 INFO Utils: Copying /root/.ivy2/jars/org.apache.hadoop_hadoop-client-api-3.3.4.jar to /tmp/spark-3daac7be-62b9-454e-9d23-85893687e7d1/userFiles-b206a17f-1945-4ee5-809f-ed4b9aa74a7f/org.apache.hadoop_hadoop-client-api-3.3.4.jar
26/03/15 12:01:31 INFO SparkContext: Added file file:///root/.ivy2/jars/commons-logging_commons-logging-1.1.3.jar at file:///root/.ivy2/jars/commons-logging_commons-logging-1.1.3.jar with timestamp 1773556288919
26/03/15 12:01:31 INFO Utils: Copying /root/.ivy2/jars/commons-logging_commons-logging-1.1.3.jar to /tmp/spark-3daac7be-62b9-454e-9d23-85893687e7d1/userFiles-b206a17f-1945-4ee5-809f-ed4b9aa74a7f/commons-logging_commons-logging-1.1.3.jar
26/03/15 12:01:31 INFO SparkContext: Added file file:///root/.ivy2/jars/org.checkerframework_checker-qual-3.42.0.jar at file:///root/.ivy2/jars/org.checkerframework_checker-qual-3.42.0.jar with timestamp 1773556288919
26/03/15 12:01:31 INFO Utils: Copying /root/.ivy2/jars/org.checkerframework_checker-qual-3.42.0.jar to /tmp/spark-3daac7be-62b9-454e-9d23-85893687e7d1/userFiles-b206a17f-1945-4ee5-809f-ed4b9aa74a7f/org.checkerframework_checker-qual-3.42.0.jar
26/03/15 12:01:31 INFO Executor: Starting executor ID driver on host localhost
26/03/15 12:01:31 INFO Executor: OS info Linux, 6.6.87.2-microsoft-standard-WSL2, amd64
26/03/15 12:01:31 INFO Executor: Java version 19.0.2
26/03/15 12:01:31 INFO Executor: Starting executor with user classpath (userClassPathFirst = false): ''
26/03/15 12:01:31 INFO Executor: Created or updated repl class loader org.apache.spark.util.MutableURLClassLoader@44cfefe for default.
26/03/15 12:01:31 INFO Executor: Fetching file:///root/.ivy2/jars/org.apache.spark_spark-sql-kafka-0-10_2.12-3.5.0.jar with timestamp 1773556288919
26/03/15 12:01:31 INFO Utils: /root/.ivy2/jars/org.apache.spark_spark-sql-kafka-0-10_2.12-3.5.0.jar has been previously copied to /tmp/spark-3daac7be-62b9-454e-9d23-85893687e7d1/userFiles-b206a17f-1945-4ee5-809f-ed4b9aa74a7f/org.apache.spark_spark-sql-kafka-0-10_2.12-3.5.0.jar
26/03/15 12:01:31 INFO Executor: Fetching file:///root/.ivy2/jars/org.apache.hadoop_hadoop-client-api-3.3.4.jar with timestamp 1773556288919
26/03/15 12:01:31 INFO Utils: /root/.ivy2/jars/org.apache.hadoop_hadoop-client-api-3.3.4.jar has been previously copied to /tmp/spark-3daac7be-62b9-454e-9d23-85893687e7d1/userFiles-b206a17f-1945-4ee5-809f-ed4b9aa74a7f/org.apache.hadoop_hadoop-client-api-3.3.4.jar
26/03/15 12:01:31 INFO Executor: Fetching file:///root/.ivy2/jars/org.checkerframework_checker-qual-3.42.0.jar with timestamp 1773556288919
26/03/15 12:01:31 INFO Utils: /root/.ivy2/jars/org.checkerframework_checker-qual-3.42.0.jar has been previously copied to /tmp/spark-3daac7be-62b9-454e-9d23-85893687e7d1/userFiles-b206a17f-1945-4ee5-809f-ed4b9aa74a7f/org.checkerframework_checker-qual-3.42.0.jar
26/03/15 12:01:31 INFO Executor: Fetching file:///root/.ivy2/jars/com.google.code.findbugs_jsr305-3.0.0.jar with timestamp 1773556288919
26/03/15 12:01:31 INFO Utils: /root/.ivy2/jars/com.google.code.findbugs_jsr305-3.0.0.jar has been previously copied to /tmp/spark-3daac7be-62b9-454e-9d23-85893687e7d1/userFiles-b206a17f-1945-4ee5-809f-ed4b9aa74a7f/com.google.code.findbugs_jsr305-3.0.0.jar
26/03/15 12:01:31 INFO Executor: Fetching file:///root/.ivy2/jars/org.apache.hadoop_hadoop-client-runtime-3.3.4.jar with timestamp 1773556288919
26/03/15 12:01:31 INFO Utils: /root/.ivy2/jars/org.apache.hadoop_hadoop-client-runtime-3.3.4.jar has been previously copied to /tmp/spark-3daac7be-62b9-454e-9d23-85893687e7d1/userFiles-b206a17f-1945-4ee5-809f-ed4b9aa74a7f/org.apache.hadoop_hadoop-client-runtime-3.3.4.jar
26/03/15 12:01:31 INFO Executor: Fetching file:///root/.ivy2/jars/org.xerial.snappy_snappy-java-1.1.10.3.jar with timestamp 1773556288919
26/03/15 12:01:31 INFO Utils: /root/.ivy2/jars/org.xerial.snappy_snappy-java-1.1.10.3.jar has been previously copied to /tmp/spark-3daac7be-62b9-454e-9d23-85893687e7d1/userFiles-b206a17f-1945-4ee5-809f-ed4b9aa74a7f/org.xerial.snappy_snappy-java-1.1.10.3.jar
26/03/15 12:01:31 INFO Executor: Fetching file:///root/.ivy2/jars/org.apache.spark_spark-token-provider-kafka-0-10_2.12-3.5.0.jar with timestamp 1773556288919
26/03/15 12:01:31 INFO Utils: /root/.ivy2/jars/org.apache.spark_spark-token-provider-kafka-0-10_2.12-3.5.0.jar has been previously copied to /tmp/spark-3daac7be-62b9-454e-9d23-85893687e7d1/userFiles-b206a17f-1945-4ee5-809f-ed4b9aa74a7f/org.apache.spark_spark-token-provider-kafka-0-10_2.12-3.5.0.jar
26/03/15 12:01:31 INFO Executor: Fetching file:///root/.ivy2/jars/org.slf4j_slf4j-api-2.0.7.jar with timestamp 1773556288919
26/03/15 12:01:31 INFO Utils: /root/.ivy2/jars/org.slf4j_slf4j-api-2.0.7.jar has been previously copied to /tmp/spark-3daac7be-62b9-454e-9d23-85893687e7d1/userFiles-b206a17f-1945-4ee5-809f-ed4b9aa74a7f/org.slf4j_slf4j-api-2.0.7.jar
26/03/15 12:01:31 INFO Executor: Fetching file:///root/.ivy2/jars/org.apache.commons_commons-pool2-2.11.1.jar with timestamp 1773556288919
26/03/15 12:01:31 INFO Utils: /root/.ivy2/jars/org.apache.commons_commons-pool2-2.11.1.jar has been previously copied to /tmp/spark-3daac7be-62b9-454e-9d23-85893687e7d1/userFiles-b206a17f-1945-4ee5-809f-ed4b9aa74a7f/org.apache.commons_commons-pool2-2.11.1.jar
26/03/15 12:01:31 INFO Executor: Fetching file:///root/.ivy2/jars/commons-logging_commons-logging-1.1.3.jar with timestamp 1773556288919
26/03/15 12:01:31 INFO Utils: /root/.ivy2/jars/commons-logging_commons-logging-1.1.3.jar has been previously copied to /tmp/spark-3daac7be-62b9-454e-9d23-85893687e7d1/userFiles-b206a17f-1945-4ee5-809f-ed4b9aa74a7f/commons-logging_commons-logging-1.1.3.jar
26/03/15 12:01:31 INFO Executor: Fetching file:///root/.ivy2/jars/org.postgresql_postgresql-42.7.3.jar with timestamp 1773556288919
26/03/15 12:01:31 INFO Utils: /root/.ivy2/jars/org.postgresql_postgresql-42.7.3.jar has been previously copied to /tmp/spark-3daac7be-62b9-454e-9d23-85893687e7d1/userFiles-b206a17f-1945-4ee5-809f-ed4b9aa74a7f/org.postgresql_postgresql-42.7.3.jar
26/03/15 12:01:31 INFO Executor: Fetching file:///root/.ivy2/jars/org.lz4_lz4-java-1.8.0.jar with timestamp 1773556288919
26/03/15 12:01:31 INFO Utils: /root/.ivy2/jars/org.lz4_lz4-java-1.8.0.jar has been previously copied to /tmp/spark-3daac7be-62b9-454e-9d23-85893687e7d1/userFiles-b206a17f-1945-4ee5-809f-ed4b9aa74a7f/org.lz4_lz4-java-1.8.0.jar
26/03/15 12:01:31 INFO Executor: Fetching file:///root/.ivy2/jars/org.apache.kafka_kafka-clients-3.4.1.jar with timestamp 1773556288919
26/03/15 12:01:31 INFO Utils: /root/.ivy2/jars/org.apache.kafka_kafka-clients-3.4.1.jar has been previously copied to /tmp/spark-3daac7be-62b9-454e-9d23-85893687e7d1/userFiles-b206a17f-1945-4ee5-809f-ed4b9aa74a7f/org.apache.kafka_kafka-clients-3.4.1.jar
26/03/15 12:01:31 INFO Executor: Fetching spark://localhost:37205/jars/org.postgresql_postgresql-42.7.3.jar with timestamp 1773556288919
26/03/15 12:01:31 INFO TransportClientFactory: Successfully created connection to localhost/127.0.0.1:37205 after 37 ms (0 ms spent in bootstraps)
26/03/15 12:01:31 INFO Utils: Fetching spark://localhost:37205/jars/org.postgresql_postgresql-42.7.3.jar to /tmp/spark-3daac7be-62b9-454e-9d23-85893687e7d1/userFiles-b206a17f-1945-4ee5-809f-ed4b9aa74a7f/fetchFileTemp46287964766417473.tmp
26/03/15 12:01:31 INFO Utils: /tmp/spark-3daac7be-62b9-454e-9d23-85893687e7d1/userFiles-b206a17f-1945-4ee5-809f-ed4b9aa74a7f/fetchFileTemp46287964766417473.tmp has been previously copied to /tmp/spark-3daac7be-62b9-454e-9d23-85893687e7d1/userFiles-b206a17f-1945-4ee5-809f-ed4b9aa74a7f/org.postgresql_postgresql-42.7.3.jar
26/03/15 12:01:31 INFO Executor: Adding file:/tmp/spark-3daac7be-62b9-454e-9d23-85893687e7d1/userFiles-b206a17f-1945-4ee5-809f-ed4b9aa74a7f/org.postgresql_postgresql-42.7.3.jar to class loader default
26/03/15 12:01:31 INFO Executor: Fetching spark://localhost:37205/jars/org.apache.spark_spark-token-provider-kafka-0-10_2.12-3.5.0.jar with timestamp 1773556288919
26/03/15 12:01:31 INFO Utils: Fetching spark://localhost:37205/jars/org.apache.spark_spark-token-provider-kafka-0-10_2.12-3.5.0.jar to /tmp/spark-3daac7be-62b9-454e-9d23-85893687e7d1/userFiles-b206a17f-1945-4ee5-809f-ed4b9aa74a7f/fetchFileTemp12664384761318619765.tmp
26/03/15 12:01:31 INFO Utils: /tmp/spark-3daac7be-62b9-454e-9d23-85893687e7d1/userFiles-b206a17f-1945-4ee5-809f-ed4b9aa74a7f/fetchFileTemp12664384761318619765.tmp has been previously copied to /tmp/spark-3daac7be-62b9-454e-9d23-85893687e7d1/userFiles-b206a17f-1945-4ee5-809f-ed4b9aa74a7f/org.apache.spark_spark-token-provider-kafka-0-10_2.12-3.5.0.jar
26/03/15 12:01:31 INFO Executor: Adding file:/tmp/spark-3daac7be-62b9-454e-9d23-85893687e7d1/userFiles-b206a17f-1945-4ee5-809f-ed4b9aa74a7f/org.apache.spark_spark-token-provider-kafka-0-10_2.12-3.5.0.jar to class loader default
26/03/15 12:01:31 INFO Executor: Fetching spark://localhost:37205/jars/org.checkerframework_checker-qual-3.42.0.jar with timestamp 1773556288919
26/03/15 12:01:31 INFO Utils: Fetching spark://localhost:37205/jars/org.checkerframework_checker-qual-3.42.0.jar to /tmp/spark-3daac7be-62b9-454e-9d23-85893687e7d1/userFiles-b206a17f-1945-4ee5-809f-ed4b9aa74a7f/fetchFileTemp10595991248301476513.tmp
26/03/15 12:01:31 INFO Utils: /tmp/spark-3daac7be-62b9-454e-9d23-85893687e7d1/userFiles-b206a17f-1945-4ee5-809f-ed4b9aa74a7f/fetchFileTemp10595991248301476513.tmp has been previously copied to /tmp/spark-3daac7be-62b9-454e-9d23-85893687e7d1/userFiles-b206a17f-1945-4ee5-809f-ed4b9aa74a7f/org.checkerframework_checker-qual-3.42.0.jar
26/03/15 12:01:31 INFO Executor: Adding file:/tmp/spark-3daac7be-62b9-454e-9d23-85893687e7d1/userFiles-b206a17f-1945-4ee5-809f-ed4b9aa74a7f/org.checkerframework_checker-qual-3.42.0.jar to class loader default
26/03/15 12:01:31 INFO Executor: Fetching spark://localhost:37205/jars/com.google.code.findbugs_jsr305-3.0.0.jar with timestamp 1773556288919
26/03/15 12:01:31 INFO Utils: Fetching spark://localhost:37205/jars/com.google.code.findbugs_jsr305-3.0.0.jar to /tmp/spark-3daac7be-62b9-454e-9d23-85893687e7d1/userFiles-b206a17f-1945-4ee5-809f-ed4b9aa74a7f/fetchFileTemp876645439800469055.tmp
26/03/15 12:01:31 INFO Utils: /tmp/spark-3daac7be-62b9-454e-9d23-85893687e7d1/userFiles-b206a17f-1945-4ee5-809f-ed4b9aa74a7f/fetchFileTemp876645439800469055.tmp has been previously copied to /tmp/spark-3daac7be-62b9-454e-9d23-85893687e7d1/userFiles-b206a17f-1945-4ee5-809f-ed4b9aa74a7f/com.google.code.findbugs_jsr305-3.0.0.jar
26/03/15 12:01:31 INFO Executor: Adding file:/tmp/spark-3daac7be-62b9-454e-9d23-85893687e7d1/userFiles-b206a17f-1945-4ee5-809f-ed4b9aa74a7f/com.google.code.findbugs_jsr305-3.0.0.jar to class loader default
26/03/15 12:01:31 INFO Executor: Fetching spark://localhost:37205/jars/org.xerial.snappy_snappy-java-1.1.10.3.jar with timestamp 1773556288919
26/03/15 12:01:31 INFO Utils: Fetching spark://localhost:37205/jars/org.xerial.snappy_snappy-java-1.1.10.3.jar to /tmp/spark-3daac7be-62b9-454e-9d23-85893687e7d1/userFiles-b206a17f-1945-4ee5-809f-ed4b9aa74a7f/fetchFileTemp14110001148311279075.tmp
26/03/15 12:01:32 INFO Utils: /tmp/spark-3daac7be-62b9-454e-9d23-85893687e7d1/userFiles-b206a17f-1945-4ee5-809f-ed4b9aa74a7f/fetchFileTemp14110001148311279075.tmp has been previously copied to /tmp/spark-3daac7be-62b9-454e-9d23-85893687e7d1/userFiles-b206a17f-1945-4ee5-809f-ed4b9aa74a7f/org.xerial.snappy_snappy-java-1.1.10.3.jar
26/03/15 12:01:32 INFO Executor: Adding file:/tmp/spark-3daac7be-62b9-454e-9d23-85893687e7d1/userFiles-b206a17f-1945-4ee5-809f-ed4b9aa74a7f/org.xerial.snappy_snappy-java-1.1.10.3.jar to class loader default
26/03/15 12:01:32 INFO Executor: Fetching spark://localhost:37205/jars/org.apache.commons_commons-pool2-2.11.1.jar with timestamp 1773556288919
26/03/15 12:01:32 INFO Utils: Fetching spark://localhost:37205/jars/org.apache.commons_commons-pool2-2.11.1.jar to /tmp/spark-3daac7be-62b9-454e-9d23-85893687e7d1/userFiles-b206a17f-1945-4ee5-809f-ed4b9aa74a7f/fetchFileTemp3577061962496724696.tmp
26/03/15 12:01:32 INFO Utils: /tmp/spark-3daac7be-62b9-454e-9d23-85893687e7d1/userFiles-b206a17f-1945-4ee5-809f-ed4b9aa74a7f/fetchFileTemp3577061962496724696.tmp has been previously copied to /tmp/spark-3daac7be-62b9-454e-9d23-85893687e7d1/userFiles-b206a17f-1945-4ee5-809f-ed4b9aa74a7f/org.apache.commons_commons-pool2-2.11.1.jar
26/03/15 12:01:32 INFO Executor: Adding file:/tmp/spark-3daac7be-62b9-454e-9d23-85893687e7d1/userFiles-b206a17f-1945-4ee5-809f-ed4b9aa74a7f/org.apache.commons_commons-pool2-2.11.1.jar to class loader default
26/03/15 12:01:32 INFO Executor: Fetching spark://localhost:37205/jars/org.apache.kafka_kafka-clients-3.4.1.jar with timestamp 1773556288919
26/03/15 12:01:32 INFO Utils: Fetching spark://localhost:37205/jars/org.apache.kafka_kafka-clients-3.4.1.jar to /tmp/spark-3daac7be-62b9-454e-9d23-85893687e7d1/userFiles-b206a17f-1945-4ee5-809f-ed4b9aa74a7f/fetchFileTemp2404805856364376730.tmp
26/03/15 12:01:32 INFO Utils: /tmp/spark-3daac7be-62b9-454e-9d23-85893687e7d1/userFiles-b206a17f-1945-4ee5-809f-ed4b9aa74a7f/fetchFileTemp2404805856364376730.tmp has been previously copied to /tmp/spark-3daac7be-62b9-454e-9d23-85893687e7d1/userFiles-b206a17f-1945-4ee5-809f-ed4b9aa74a7f/org.apache.kafka_kafka-clients-3.4.1.jar
26/03/15 12:01:32 INFO Executor: Adding file:/tmp/spark-3daac7be-62b9-454e-9d23-85893687e7d1/userFiles-b206a17f-1945-4ee5-809f-ed4b9aa74a7f/org.apache.kafka_kafka-clients-3.4.1.jar to class loader default
26/03/15 12:01:32 INFO Executor: Fetching spark://localhost:37205/jars/org.apache.hadoop_hadoop-client-api-3.3.4.jar with timestamp 1773556288919
26/03/15 12:01:32 INFO Utils: Fetching spark://localhost:37205/jars/org.apache.hadoop_hadoop-client-api-3.3.4.jar to /tmp/spark-3daac7be-62b9-454e-9d23-85893687e7d1/userFiles-b206a17f-1945-4ee5-809f-ed4b9aa74a7f/fetchFileTemp10443391689707445863.tmp
26/03/15 12:01:32 INFO Utils: /tmp/spark-3daac7be-62b9-454e-9d23-85893687e7d1/userFiles-b206a17f-1945-4ee5-809f-ed4b9aa74a7f/fetchFileTemp10443391689707445863.tmp has been previously copied to /tmp/spark-3daac7be-62b9-454e-9d23-85893687e7d1/userFiles-b206a17f-1945-4ee5-809f-ed4b9aa74a7f/org.apache.hadoop_hadoop-client-api-3.3.4.jar
26/03/15 12:01:32 INFO Executor: Adding file:/tmp/spark-3daac7be-62b9-454e-9d23-85893687e7d1/userFiles-b206a17f-1945-4ee5-809f-ed4b9aa74a7f/org.apache.hadoop_hadoop-client-api-3.3.4.jar to class loader default
26/03/15 12:01:32 INFO Executor: Fetching spark://localhost:37205/jars/org.lz4_lz4-java-1.8.0.jar with timestamp 1773556288919
26/03/15 12:01:32 INFO Utils: Fetching spark://localhost:37205/jars/org.lz4_lz4-java-1.8.0.jar to /tmp/spark-3daac7be-62b9-454e-9d23-85893687e7d1/userFiles-b206a17f-1945-4ee5-809f-ed4b9aa74a7f/fetchFileTemp15409307171515902383.tmp
26/03/15 12:01:32 INFO Utils: /tmp/spark-3daac7be-62b9-454e-9d23-85893687e7d1/userFiles-b206a17f-1945-4ee5-809f-ed4b9aa74a7f/fetchFileTemp15409307171515902383.tmp has been previously copied to /tmp/spark-3daac7be-62b9-454e-9d23-85893687e7d1/userFiles-b206a17f-1945-4ee5-809f-ed4b9aa74a7f/org.lz4_lz4-java-1.8.0.jar
26/03/15 12:01:32 INFO Executor: Adding file:/tmp/spark-3daac7be-62b9-454e-9d23-85893687e7d1/userFiles-b206a17f-1945-4ee5-809f-ed4b9aa74a7f/org.lz4_lz4-java-1.8.0.jar to class loader default
26/03/15 12:01:32 INFO Executor: Fetching spark://localhost:37205/jars/org.apache.hadoop_hadoop-client-runtime-3.3.4.jar with timestamp 1773556288919
26/03/15 12:01:32 INFO Utils: Fetching spark://localhost:37205/jars/org.apache.hadoop_hadoop-client-runtime-3.3.4.jar to /tmp/spark-3daac7be-62b9-454e-9d23-85893687e7d1/userFiles-b206a17f-1945-4ee5-809f-ed4b9aa74a7f/fetchFileTemp16608063449153919659.tmp
26/03/15 12:01:32 INFO Utils: /tmp/spark-3daac7be-62b9-454e-9d23-85893687e7d1/userFiles-b206a17f-1945-4ee5-809f-ed4b9aa74a7f/fetchFileTemp16608063449153919659.tmp has been previously copied to /tmp/spark-3daac7be-62b9-454e-9d23-85893687e7d1/userFiles-b206a17f-1945-4ee5-809f-ed4b9aa74a7f/org.apache.hadoop_hadoop-client-runtime-3.3.4.jar
26/03/15 12:01:32 INFO Executor: Adding file:/tmp/spark-3daac7be-62b9-454e-9d23-85893687e7d1/userFiles-b206a17f-1945-4ee5-809f-ed4b9aa74a7f/org.apache.hadoop_hadoop-client-runtime-3.3.4.jar to class loader default
26/03/15 12:01:32 INFO Executor: Fetching spark://localhost:37205/jars/org.slf4j_slf4j-api-2.0.7.jar with timestamp 1773556288919
26/03/15 12:01:32 INFO Utils: Fetching spark://localhost:37205/jars/org.slf4j_slf4j-api-2.0.7.jar to /tmp/spark-3daac7be-62b9-454e-9d23-85893687e7d1/userFiles-b206a17f-1945-4ee5-809f-ed4b9aa74a7f/fetchFileTemp1705790153709972698.tmp
26/03/15 12:01:32 INFO Utils: /tmp/spark-3daac7be-62b9-454e-9d23-85893687e7d1/userFiles-b206a17f-1945-4ee5-809f-ed4b9aa74a7f/fetchFileTemp1705790153709972698.tmp has been previously copied to /tmp/spark-3daac7be-62b9-454e-9d23-85893687e7d1/userFiles-b206a17f-1945-4ee5-809f-ed4b9aa74a7f/org.slf4j_slf4j-api-2.0.7.jar
26/03/15 12:01:32 INFO Executor: Adding file:/tmp/spark-3daac7be-62b9-454e-9d23-85893687e7d1/userFiles-b206a17f-1945-4ee5-809f-ed4b9aa74a7f/org.slf4j_slf4j-api-2.0.7.jar to class loader default
26/03/15 12:01:32 INFO Executor: Fetching spark://localhost:37205/jars/org.apache.spark_spark-sql-kafka-0-10_2.12-3.5.0.jar with timestamp 1773556288919
26/03/15 12:01:32 INFO Utils: Fetching spark://localhost:37205/jars/org.apache.spark_spark-sql-kafka-0-10_2.12-3.5.0.jar to /tmp/spark-3daac7be-62b9-454e-9d23-85893687e7d1/userFiles-b206a17f-1945-4ee5-809f-ed4b9aa74a7f/fetchFileTemp3079632185215370537.tmp
26/03/15 12:01:32 INFO Utils: /tmp/spark-3daac7be-62b9-454e-9d23-85893687e7d1/userFiles-b206a17f-1945-4ee5-809f-ed4b9aa74a7f/fetchFileTemp3079632185215370537.tmp has been previously copied to /tmp/spark-3daac7be-62b9-454e-9d23-85893687e7d1/userFiles-b206a17f-1945-4ee5-809f-ed4b9aa74a7f/org.apache.spark_spark-sql-kafka-0-10_2.12-3.5.0.jar
26/03/15 12:01:32 INFO Executor: Adding file:/tmp/spark-3daac7be-62b9-454e-9d23-85893687e7d1/userFiles-b206a17f-1945-4ee5-809f-ed4b9aa74a7f/org.apache.spark_spark-sql-kafka-0-10_2.12-3.5.0.jar to class loader default
26/03/15 12:01:32 INFO Executor: Fetching spark://localhost:37205/jars/commons-logging_commons-logging-1.1.3.jar with timestamp 1773556288919
26/03/15 12:01:32 INFO Utils: Fetching spark://localhost:37205/jars/commons-logging_commons-logging-1.1.3.jar to /tmp/spark-3daac7be-62b9-454e-9d23-85893687e7d1/userFiles-b206a17f-1945-4ee5-809f-ed4b9aa74a7f/fetchFileTemp5827885686442534491.tmp
26/03/15 12:01:32 INFO Utils: /tmp/spark-3daac7be-62b9-454e-9d23-85893687e7d1/userFiles-b206a17f-1945-4ee5-809f-ed4b9aa74a7f/fetchFileTemp5827885686442534491.tmp has been previously copied to /tmp/spark-3daac7be-62b9-454e-9d23-85893687e7d1/userFiles-b206a17f-1945-4ee5-809f-ed4b9aa74a7f/commons-logging_commons-logging-1.1.3.jar
26/03/15 12:01:32 INFO Executor: Adding file:/tmp/spark-3daac7be-62b9-454e-9d23-85893687e7d1/userFiles-b206a17f-1945-4ee5-809f-ed4b9aa74a7f/commons-logging_commons-logging-1.1.3.jar to class loader default
26/03/15 12:01:32 INFO Utils: Successfully started service 'org.apache.spark.network.netty.NettyBlockTransferService' on port 44333.
26/03/15 12:01:32 INFO NettyBlockTransferService: Server created on localhost:44333
26/03/15 12:01:32 INFO BlockManager: Using org.apache.spark.storage.RandomBlockReplicationPolicy for block replication policy
26/03/15 12:01:32 INFO BlockManagerMaster: Registering BlockManager BlockManagerId(driver, localhost, 44333, None)
26/03/15 12:01:32 INFO BlockManagerMasterEndpoint: Registering block manager localhost:44333 with 434.4 MiB RAM, BlockManagerId(driver, localhost, 44333, None)
26/03/15 12:01:32 INFO BlockManagerMaster: Registered BlockManager BlockManagerId(driver, localhost, 44333, None)
26/03/15 12:01:32 INFO BlockManager: Initialized BlockManager: BlockManagerId(driver, localhost, 44333, None)
